2025-09-09 21:43:00 | INFO | repo=Password-Authenticaton | action=commit
2025-01-11 08:56:00 | WARN | repo=Password-Authenticaton | action=commit
2025-09-16 07:02:00 | INFO | repo=Password-Authenticaton | action=pull
2025-02-17 08:22:00 | DEBUG | repo=Password-Authenticaton | action=test | passed=true
2025-07-14 14:58:00 | DEBUG | repo=Password-Authenticaton | action=commit
2025-08-23 18:06:00 | WARN | repo=Password-Authenticaton | action=test | passed=true
2025-03-23 16:49:00 | WARN | repo=Password-Authenticaton | action=commit
2025-08-23 14:59:00 | DEBUG | repo=Password-Authenticaton | action=test | passed=true
2025-12-03 18:23:00 | WARN | repo=Password-Authenticaton | action=commit
2025-01-05 14:25:00 | INFO | repo=Password-Authenticaton | action=commit
2025-01-03 12:37:00 | DEBUG | repo=Password-Authenticaton | action=commit
2025-01-24 07:23:00 | WARN | repo=Password-Authenticaton | action=commit
2025-10-13 18:38:00 | DEBUG | repo=Password-Authenticaton | action=commit
2025-12-06 20:26:00 | INFO | repo=Password-Authenticaton | action=commit
2025-03-01 11:59:00 | WARN | repo=Password-Authenticaton | action=test | passed=true
2025-01-13 15:59:00 | WARN | repo=Password-Authenticaton | action=commit
2025-10-10 07:13:00 | DEBUG | repo=Password-Authenticaton | action=test | passed=true
2025-10-10 17:53:00 | WARN | repo=Password-Authenticaton | action=pull
2025-07-20 11:55:00 | INFO | repo=Password-Authenticaton | action=commit
2025-06-17 08:46:00 | INFO | repo=Password-Authenticaton | action=commit
2025-01-13 14:11:00 | WARN | repo=Password-Authenticaton | action=commit
2025-08-04 10:24:00 | DEBUG | repo=Password-Authenticaton | action=commit
2025-10-27 18:38:00 | INFO | repo=Password-Authenticaton | action=commit
2025-05-04 16:55:00 | DEBUG | repo=Password-Authenticaton | action=commit
2025-04-17 07:34:00 | DEBUG | repo=Password-Authenticaton | action=commit
2025-12-12 19:12:00 | INFO | repo=Password-Authenticaton | action=test | passed=true
2025-12-28 08:27:00 | DEBUG | repo=Password-Authenticaton | action=pull
2025-07-09 07:30:00 | DEBUG | repo=Password-Authenticaton | action=commit
2025-12-07 11:51:00 | DEBUG | repo=Password-Authenticaton | action=commit
2025-09-08 10:23:00 | INFO | repo=Password-Authenticaton | action=commit
2025-08-06 18:06:00 | INFO | repo=Password-Authenticaton | action=pull
2025-08-23 21:33:00 | WARN | repo=Password-Authenticaton | action=commit
2025-01-23 20:02:00 | DEBUG | repo=Password-Authenticaton | action=commit
2025-01-16 20:52:00 | WARN | repo=Password-Authenticaton | action=commit
2025-07-27 09:22:00 | WARN | repo=Password-Authenticaton | action=commit
2025-11-02 14:06:00 | WARN | repo=Password-Authenticaton | action=test | passed=true
2025-03-15 19:43:00 | WARN | repo=Password-Authenticaton | action=commit
2025-06-28 18:48:00 | DEBUG | repo=Password-Authenticaton | action=commit
2025-09-06 21:57:00 | WARN | repo=Password-Authenticaton | action=commit
2025-06-08 13:09:00 | WARN | repo=Password-Authenticaton | action=test | passed=true
2025-07-16 07:17:00 | DEBUG | repo=Password-Authenticaton | action=test | passed=true
2025-02-17 08:40:00 | WARN | repo=Password-Authenticaton | action=commit
2025-05-17 17:45:00 | INFO | repo=Password-Authenticaton | action=edit | files=4
2025-11-23 17:32:00 | INFO | repo=Password-Authenticaton | action=commit
2025-02-01 17:25:00 | DEBUG | repo=Password-Authenticaton | action=commit
2025-08-27 15:17:00 | DEBUG | repo=Password-Authenticaton | action=pull
2025-01-21 21:18:00 | INFO | repo=Password-Authenticaton | action=commit
2025-08-01 09:08:00 | DEBUG | repo=Password-Authenticaton | action=commit
2025-07-06 12:06:00 | INFO | repo=Password-Authenticaton | action=commit
2025-10-17 18:47:00 | WARN | repo=Password-Authenticaton | action=commit
2025-09-06 15:41:00 | DEBUG | repo=Password-Authenticaton | action=commit
2025-03-17 19:16:00 | INFO | repo=Password-Authenticaton | action=commit
2025-03-06 07:28:00 | INFO | repo=Password-Authenticaton | action=edit | files=3
2025-08-24 21:56:00 | DEBUG | repo=Password-Authenticaton | action=commit
2025-10-02 19:21:00 | DEBUG | repo=Password-Authenticaton | action=commit
2025-08-22 09:25:00 | WARN | repo=Password-Authenticaton | action=commit
2025-05-12 18:44:00 | INFO | repo=Password-Authenticaton | action=commit
2025-05-27 13:25:00 | DEBUG | repo=Password-Authenticaton | action=edit | files=4
2025-09-05 09:35:00 | INFO | repo=Password-Authenticaton | action=commit
2025-12-07 08:14:00 | DEBUG | repo=Password-Authenticaton | action=test | passed=true
2025-08-22 12:10:00 | WARN | repo=Password-Authenticaton | action=commit
2025-04-08 21:29:00 | DEBUG | repo=Password-Authenticaton | action=edit | files=2
2025-12-27 15:37:00 | WARN | repo=Password-Authenticaton | action=commit
2025-03-01 20:16:00 | WARN | repo=Password-Authenticaton | action=commit
2025-03-03 12:47:00 | INFO | repo=Password-Authenticaton | action=commit
2025-08-14 14:23:00 | WARN | repo=Password-Authenticaton | action=commit
2025-04-24 12:45:00 | INFO | repo=Password-Authenticaton | action=commit
2025-03-10 17:12:00 | INFO | repo=Password-Authenticaton | action=commit
2025-03-17 19:54:00 | DEBUG | repo=Password-Authenticaton | action=commit
2025-03-14 11:37:00 | WARN | repo=Password-Authenticaton | action=edit | files=4
2025-02-27 17:11:00 | INFO | repo=Password-Authenticaton | action=commit
2025-04-03 07:07:00 | INFO | repo=Password-Authenticaton | action=commit
2025-10-20 15:16:00 | WARN | repo=Password-Authenticaton | action=edit | files=1
2025-10-11 21:16:00 | DEBUG | repo=Password-Authenticaton | action=edit | files=4
2025-03-18 19:25:00 | INFO | repo=Password-Authenticaton | action=commit
2025-06-01 16:23:00 | WARN | repo=Password-Authenticaton | action=commit
2025-10-19 08:44:00 | WARN | repo=Password-Authenticaton | action=commit
